app/build/intermediates/manifest_merge_blame_file/debug/manifest-merger-blame-debug-report.txt
1<?xml version="1.0" encoding="utf-8"?>
2<manifest xmlns:android="http://schemas.android.com/apk/res/android"
3    package="com.example.chotamnaulitce"
4    android:versionCode="1"
5    android:versionName="1.0" >
6
7    <uses-sdk
8        android:minSdkVersion="24"
8-->src\main\AndroidManifest.xml
9        android:targetSdkVersion="32" />
9-->src\main\AndroidManifest.xml
10
11    <uses-permission android:name="android.permission.INTERNET" />
11-->src\main\AndroidManifest.xml:6:5-67
11-->src\main\AndroidManifest.xml:6:22-64
12    <uses-permission android:name="android.permission.WRITE_CONTACTS" />
12-->src\main\AndroidManifest.xml:7:5-73
12-->src\main\AndroidManifest.xml:7:22-70
13    <uses-permission android:name="android.permission.READ_CONTACTS" />
13-->src\main\AndroidManifest.xml:8:5-72
13-->src\main\AndroidManifest.xml:8:22-69
14    <uses-permission android:name="android.permission.CALL_PHONE" />
14-->src\main\AndroidManifest.xml:9:5-69
14-->src\main\AndroidManifest.xml:9:22-66
15    <uses-permission android:name="android.permission.ACCESS_COARSE_LOCATION" />
15-->src\main\AndroidManifest.xml:10:5-81
15-->src\main\AndroidManifest.xml:10:22-78
16    <uses-permission android:name="android.permission.ACCESS_FINE_LOCATION" />
16-->src\main\AndroidManifest.xml:11:5-79
16-->src\main\AndroidManifest.xml:11:22-76
17    <uses-permission android:name="android.permission.ACCESS_BACKGROUND_LOCATION" />
17-->src\main\AndroidManifest.xml:12:5-85
17-->src\main\AndroidManifest.xml:12:22-82
18
19    <queries>
19-->src\main\AndroidManifest.xml:14:5-25:15
20        <intent>
20-->src\main\AndroidManifest.xml:15:9-19:18
21            <action android:name="android.intent.action.DIAL" />
21-->src\main\AndroidManifest.xml:16:13-65
21-->src\main\AndroidManifest.xml:16:21-62
22
23            <data android:scheme="tel" />
23-->src\main\AndroidManifest.xml:18:13-42
23-->src\main\AndroidManifest.xml:18:19-39
24        </intent>
25        <intent>
25-->src\main\AndroidManifest.xml:20:9-24:18
26            <action android:name="android.intent.action.CALL" />
26-->src\main\AndroidManifest.xml:21:13-65
26-->src\main\AndroidManifest.xml:21:21-62
27
28            <data android:scheme="tel" />
28-->src\main\AndroidManifest.xml:18:13-42
28-->src\main\AndroidManifest.xml:18:19-39
29        </intent>
30        <intent>
30-->[com.google.firebase:firebase-inappmessaging-display:20.1.2] AndroidManifest.xml:15:9-19:18
31            <action android:name="android.intent.action.VIEW" />
31-->[com.google.firebase:firebase-inappmessaging-display:20.1.2] AndroidManifest.xml:16:13-65
31-->[com.google.firebase:firebase-inappmessaging-display:20.1.2] AndroidManifest.xml:16:21-62
32
33            <data android:scheme="https" />
33-->src\main\AndroidManifest.xml:18:13-42
33-->src\main\AndroidManifest.xml:18:19-39
34        </intent> <!-- Needs to be explicitly declared on Android R+ -->
35        <package android:name="com.google.android.apps.maps" />
35-->[com.google.android.gms:play-services-maps:17.0.1] AndroidManifest.xml:33:9-64
35-->[com.google.android.gms:play-services-maps:17.0.1] AndroidManifest.xml:33:18-61
36    </queries>
37
38    <uses-permission android:name="android.permission.ACCESS_NETWORK_STATE" />
38-->[com.google.firebase:firebase-inappmessaging-display:20.1.2] AndroidManifest.xml:11:5-79
38-->[com.google.firebase:firebase-inappmessaging-display:20.1.2] AndroidManifest.xml:11:22-76
39    <uses-permission android:name="android.permission.POST_NOTIFICATIONS" />
39-->[com.google.firebase:firebase-messaging:23.0.6] AndroidManifest.xml:26:5-77
39-->[com.google.firebase:firebase-messaging:23.0.6] AndroidManifest.xml:26:22-74
40    <uses-permission android:name="android.permission.WAKE_LOCK" /> <!-- Required by older versions of Google Play services to create IID tokens -->
40-->[com.google.firebase:firebase-messaging:23.0.6] AndroidManifest.xml:27:5-68
40-->[com.google.firebase:firebase-messaging:23.0.6] AndroidManifest.xml:27:22-65
41    <uses-permission android:name="com.google.android.c2dm.permission.RECEIVE" />
41-->[com.google.firebase:firebase-messaging:23.0.6] AndroidManifest.xml:29:5-82
41-->[com.google.firebase:firebase-messaging:23.0.6] AndroidManifest.xml:29:22-79
42
43    <uses-feature
43-->[com.google.android.gms:play-services-maps:17.0.1] AndroidManifest.xml:26:5-28:35
44        android:glEsVersion="0x00020000"
44-->[com.google.android.gms:play-services-maps:17.0.1] AndroidManifest.xml:27:9-41
45        android:required="true" />
45-->[com.google.android.gms:play-services-maps:17.0.1] AndroidManifest.xml:28:9-32
46
47    <application
47-->src\main\AndroidManifest.xml:27:5-69:19
48        android:name="com.example.chotamnaulitce.ChoTamNaUlitceApp"
48-->src\main\AndroidManifest.xml:28:9-42
49        android:allowBackup="true"
49-->src\main\AndroidManifest.xml:29:9-35
50        android:appComponentFactory="androidx.core.app.CoreComponentFactory"
50-->[androidx.core:core:1.7.0] AndroidManifest.xml:24:18-86
51        android:dataExtractionRules="@xml/data_extraction_rules"
51-->src\main\AndroidManifest.xml:30:9-65
52        android:debuggable="true"
53        android:extractNativeLibs="false"
54        android:fullBackupContent="@xml/backup_rules"
54-->src\main\AndroidManifest.xml:31:9-54
55        android:icon="@mipmap/ic_launcher"
55-->src\main\AndroidManifest.xml:32:9-43
56        android:label="@string/app_name"
56-->src\main\AndroidManifest.xml:33:9-41
57        android:roundIcon="@mipmap/ic_launcher_round"
57-->src\main\AndroidManifest.xml:34:9-54
58        android:supportsRtl="true"
58-->src\main\AndroidManifest.xml:35:9-35
59        android:testOnly="true"
60        android:theme="@style/Theme.ChoTamNaUlitce" >
60-->src\main\AndroidManifest.xml:36:9-52
61        <meta-data
61-->src\main\AndroidManifest.xml:40:9-46:21
62            android:name="com.google.android.geo.API_KEY"
62-->src\main\AndroidManifest.xml:41:13-58
63            android:value="AIzaSyC4Q7OtEFPeHIh5GARicSvXNTMEJ7g0Dfk" >
63-->src\main\AndroidManifest.xml:42:13-68
64
65            <!-- личный api-key. на данный момент не функционирует -->
66            <!-- android:value="AIzaSyAXpt_jemWM5tH16FsDO8rqTgop_uZKW24" -->
67        </meta-data>
68
69        <activity
69-->src\main\AndroidManifest.xml:48:9-56:20
70            android:name="com.example.chotamnaulitce.MainActivity"
70-->src\main\AndroidManifest.xml:49:13-41
71            android:exported="true" >
71-->src\main\AndroidManifest.xml:50:13-36
72            <intent-filter>
72-->src\main\AndroidManifest.xml:51:13-55:29
73                <action android:name="android.intent.action.MAIN" />
73-->src\main\AndroidManifest.xml:52:17-69
73-->src\main\AndroidManifest.xml:52:25-66
74
75                <category android:name="android.intent.category.LAUNCHER" />
75-->src\main\AndroidManifest.xml:54:17-77
75-->src\main\AndroidManifest.xml:54:27-74
76            </intent-filter>
77        </activity>
78
79        <service android:name="com.example.chotamnaulitce.view.details.DetailsServiceIntent" />
79-->src\main\AndroidManifest.xml:58:9-70
79-->src\main\AndroidManifest.xml:58:18-67
80        <service
80-->src\main\AndroidManifest.xml:60:9-67:19
81            android:name="com.example.chotamnaulitce.MyFirebaseMessagingService"
81-->src\main\AndroidManifest.xml:61:13-55
82            android:enabled="true"
82-->src\main\AndroidManifest.xml:62:13-35
83            android:exported="true" >
83-->src\main\AndroidManifest.xml:63:13-36
84            <intent-filter>
84-->src\main\AndroidManifest.xml:64:13-66:29
85                <action android:name="com.google.firebase.MESSAGING_EVENT" />
85-->src\main\AndroidManifest.xml:65:17-78
85-->src\main\AndroidManifest.xml:65:25-75
86            </intent-filter>
87        </service>
88        <service
88-->[com.google.firebase:firebase-inappmessaging-display-ktx:20.1.2] AndroidManifest.xml:12:9-18:19
89            android:name="com.google.firebase.components.ComponentDiscoveryService"
89-->[com.google.firebase:firebase-inappmessaging-display-ktx:20.1.2] AndroidManifest.xml:13:13-84
90            android:directBootAware="true"
90-->[com.google.firebase:firebase-common:20.1.1] AndroidManifest.xml:35:13-43
91            android:exported="false" >
91-->[com.google.firebase:firebase-inappmessaging-display-ktx:20.1.2] AndroidManifest.xml:14:13-37
92            <meta-data
92-->[com.google.firebase:firebase-inappmessaging-display-ktx:20.1.2] AndroidManifest.xml:15:13-17:85
93                android:name="com.google.firebase.components:com.google.firebase.inappmessaging.display.ktx.FirebaseInAppMessagingDisplayKtxRegistrar"
93-->[com.google.firebase:firebase-inappmessaging-display-ktx:20.1.2] AndroidManifest.xml:16:17-151
94                android:value="com.google.firebase.components.ComponentRegistrar" />
94-->[com.google.firebase:firebase-inappmessaging-display-ktx:20.1.2] AndroidManifest.xml:17:17-82
95            <meta-data
95-->[com.google.firebase:firebase-inappmessaging-display:20.1.2] AndroidManifest.xml:26:13-28:85
96                android:name="com.google.firebase.components:com.google.firebase.inappmessaging.display.FirebaseInAppMessagingDisplayRegistrar"
96-->[com.google.firebase:firebase-inappmessaging-display:20.1.2] AndroidManifest.xml:27:17-144
97                android:value="com.google.firebase.components.ComponentRegistrar" />
97-->[com.google.firebase:firebase-inappmessaging-display:20.1.2] AndroidManifest.xml:28:17-82
98            <meta-data
98-->[com.google.firebase:firebase-inappmessaging-ktx:20.1.2] AndroidManifest.xml:15:13-17:85
99                android:name="com.google.firebase.components:com.google.firebase.inappmessaging.ktx.FirebaseInAppMessagingKtxRegistrar"
99-->[com.google.firebase:firebase-inappmessaging-ktx:20.1.2] AndroidManifest.xml:16:17-136
100                android:value="com.google.firebase.components.ComponentRegistrar" />
100-->[com.google.firebase:firebase-inappmessaging-ktx:20.1.2] AndroidManifest.xml:17:17-82
101            <meta-data
101-->[com.google.firebase:firebase-inappmessaging:20.1.2] AndroidManifest.xml:17:13-19:85
102                android:name="com.google.firebase.components:com.google.firebase.inappmessaging.FirebaseInAppMessagingRegistrar"
102-->[com.google.firebase:firebase-inappmessaging:20.1.2] AndroidManifest.xml:18:17-129
103                android:value="com.google.firebase.components.ComponentRegistrar" />
103-->[com.google.firebase:firebase-inappmessaging:20.1.2] AndroidManifest.xml:19:17-82
104            <meta-data
104-->[com.google.firebase:firebase-messaging-ktx:23.0.6] AndroidManifest.xml:29:13-31:85
105                android:name="com.google.firebase.components:com.google.firebase.messaging.ktx.FirebaseMessagingKtxRegistrar"
105-->[com.google.firebase:firebase-messaging-ktx:23.0.6] AndroidManifest.xml:30:17-126
106                android:value="com.google.firebase.components.ComponentRegistrar" />
106-->[com.google.firebase:firebase-messaging-ktx:23.0.6] AndroidManifest.xml:31:17-82
107            <meta-data
107-->[com.google.firebase:firebase-messaging:23.0.6] AndroidManifest.xml:56:13-58:85
108                android:name="com.google.firebase.components:com.google.firebase.messaging.FirebaseMessagingRegistrar"
108-->[com.google.firebase:firebase-messaging:23.0.6] AndroidManifest.xml:57:17-119
109                android:value="com.google.firebase.components.ComponentRegistrar" />
109-->[com.google.firebase:firebase-messaging:23.0.6] AndroidManifest.xml:58:17-82
110            <meta-data
110-->[com.google.firebase:firebase-datatransport:18.1.5] AndroidManifest.xml:28:13-30:85
111                android:name="com.google.firebase.components:com.google.firebase.datatransport.TransportRegistrar"
111-->[com.google.firebase:firebase-datatransport:18.1.5] AndroidManifest.xml:29:17-115
112                android:value="com.google.firebase.components.ComponentRegistrar" />
112-->[com.google.firebase:firebase-datatransport:18.1.5] AndroidManifest.xml:30:17-82
113            <meta-data
113-->[com.google.firebase:firebase-common-ktx:20.1.1] AndroidManifest.xml:15:13-17:85
114                android:name="com.google.firebase.components:com.google.firebase.ktx.FirebaseCommonKtxRegistrar"
114-->[com.google.firebase:firebase-common-ktx:20.1.1] AndroidManifest.xml:16:17-113
115                android:value="com.google.firebase.components.ComponentRegistrar" />
115-->[com.google.firebase:firebase-common-ktx:20.1.1] AndroidManifest.xml:17:17-82
116            <meta-data
116-->[com.google.firebase:firebase-installations:17.0.1] AndroidManifest.xml:18:13-20:85
117                android:name="com.google.firebase.components:com.google.firebase.installations.FirebaseInstallationsRegistrar"
117-->[com.google.firebase:firebase-installations:17.0.1] AndroidManifest.xml:19:17-127
118                android:value="com.google.firebase.components.ComponentRegistrar" />
118-->[com.google.firebase:firebase-installations:17.0.1] AndroidManifest.xml:20:17-82
119            <meta-data
119-->[com.google.firebase:firebase-abt:21.0.1] AndroidManifest.xml:13:13-15:85
120                android:name="com.google.firebase.components:com.google.firebase.abt.component.AbtRegistrar"
120-->[com.google.firebase:firebase-abt:21.0.1] AndroidManifest.xml:14:17-109
121                android:value="com.google.firebase.components.ComponentRegistrar" />
121-->[com.google.firebase:firebase-abt:21.0.1] AndroidManifest.xml:15:17-82
122        </service>
123
124        <receiver
124-->[com.google.firebase:firebase-messaging:23.0.6] AndroidManifest.xml:32:9-39:20
125            android:name="com.google.firebase.iid.FirebaseInstanceIdReceiver"
125-->[com.google.firebase:firebase-messaging:23.0.6] AndroidManifest.xml:33:13-78
126            android:exported="true"
126-->[com.google.firebase:firebase-messaging:23.0.6] AndroidManifest.xml:34:13-36
127            android:permission="com.google.android.c2dm.permission.SEND" >
127-->[com.google.firebase:firebase-messaging:23.0.6] AndroidManifest.xml:35:13-73
128            <intent-filter>
128-->[com.google.firebase:firebase-messaging:23.0.6] AndroidManifest.xml:36:13-38:29
129                <action android:name="com.google.android.c2dm.intent.RECEIVE" />
129-->[com.google.firebase:firebase-messaging:23.0.6] AndroidManifest.xml:37:17-81
129-->[com.google.firebase:firebase-messaging:23.0.6] AndroidManifest.xml:37:25-78
130            </intent-filter>
131        </receiver>
132        <!--
133             FirebaseMessagingService performs security checks at runtime,
134             but set to not exported to explicitly avoid allowing another app to call it.
135        -->
136        <service
136-->[com.google.firebase:firebase-messaging:23.0.6] AndroidManifest.xml:45:9-52:19
137            android:name="com.google.firebase.messaging.FirebaseMessagingService"
137-->[com.google.firebase:firebase-messaging:23.0.6] AndroidManifest.xml:46:13-82
138            android:directBootAware="true"
138-->[com.google.firebase:firebase-messaging:23.0.6] AndroidManifest.xml:47:13-43
139            android:exported="false" >
139-->[com.google.firebase:firebase-messaging:23.0.6] AndroidManifest.xml:48:13-37
140            <intent-filter android:priority="-500" >
140-->src\main\AndroidManifest.xml:64:13-66:29
141                <action android:name="com.google.firebase.MESSAGING_EVENT" />
141-->src\main\AndroidManifest.xml:65:17-78
141-->src\main\AndroidManifest.xml:65:25-75
142            </intent-filter>
143        </service>
144        <service
144-->[androidx.room:room-runtime:2.4.2] AndroidManifest.xml:25:9-28:40
145            android:name="androidx.room.MultiInstanceInvalidationService"
145-->[androidx.room:room-runtime:2.4.2] AndroidManifest.xml:26:13-74
146            android:directBootAware="true"
146-->[androidx.room:room-runtime:2.4.2] AndroidManifest.xml:27:13-43
147            android:exported="false" /> <!-- Needs to be explicitly declared on P+ -->
147-->[androidx.room:room-runtime:2.4.2] AndroidManifest.xml:28:13-37
148        <uses-library
148-->[com.google.android.gms:play-services-maps:17.0.1] AndroidManifest.xml:39:9-41:40
149            android:name="org.apache.http.legacy"
149-->[com.google.android.gms:play-services-maps:17.0.1] AndroidManifest.xml:40:13-50
150            android:required="false" />
150-->[com.google.android.gms:play-services-maps:17.0.1] AndroidManifest.xml:41:13-37
151
152        <service
152-->[com.google.android.datatransport:transport-backend-cct:3.1.6] AndroidManifest.xml:29:9-35:19
153            android:name="com.google.android.datatransport.runtime.backends.TransportBackendDiscovery"
153-->[com.google.android.datatransport:transport-backend-cct:3.1.6] AndroidManifest.xml:30:13-103
154            android:exported="false" >
154-->[com.google.android.datatransport:transport-backend-cct:3.1.6] AndroidManifest.xml:31:13-37
155            <meta-data
155-->[com.google.android.datatransport:transport-backend-cct:3.1.6] AndroidManifest.xml:32:13-34:39
156                android:name="backend:com.google.android.datatransport.cct.CctBackendFactory"
156-->[com.google.android.datatransport:transport-backend-cct:3.1.6] AndroidManifest.xml:33:17-94
157                android:value="cct" />
157-->[com.google.android.datatransport:transport-backend-cct:3.1.6] AndroidManifest.xml:34:17-36
158        </service>
159        <service
159-->[com.google.android.datatransport:transport-runtime:3.1.6] AndroidManifest.xml:26:9-30:19
160            android:name="com.google.android.datatransport.runtime.scheduling.jobscheduling.JobInfoSchedulerService"
160-->[com.google.android.datatransport:transport-runtime:3.1.6] AndroidManifest.xml:27:13-117
161            android:exported="false"
161-->[com.google.android.datatransport:transport-runtime:3.1.6] AndroidManifest.xml:28:13-37
162            android:permission="android.permission.BIND_JOB_SERVICE" >
162-->[com.google.android.datatransport:transport-runtime:3.1.6] AndroidManifest.xml:29:13-69
163        </service>
164
165        <receiver
165-->[com.google.android.datatransport:transport-runtime:3.1.6] AndroidManifest.xml:32:9-34:40
166            android:name="com.google.android.datatransport.runtime.scheduling.jobscheduling.AlarmManagerSchedulerBroadcastReceiver"
166-->[com.google.android.datatransport:transport-runtime:3.1.6] AndroidManifest.xml:33:13-132
167            android:exported="false" />
167-->[com.google.android.datatransport:transport-runtime:3.1.6] AndroidManifest.xml:34:13-37
168
169        <provider
169-->[com.google.firebase:firebase-common:20.1.1] AndroidManifest.xml:26:9-31:39
170            android:name="com.google.firebase.provider.FirebaseInitProvider"
170-->[com.google.firebase:firebase-common:20.1.1] AndroidManifest.xml:27:13-77
171            android:authorities="com.example.chotamnaulitce.firebaseinitprovider"
171-->[com.google.firebase:firebase-common:20.1.1] AndroidManifest.xml:28:13-72
172            android:directBootAware="true"
172-->[com.google.firebase:firebase-common:20.1.1] AndroidManifest.xml:29:13-43
173            android:exported="false"
173-->[com.google.firebase:firebase-common:20.1.1] AndroidManifest.xml:30:13-37
174            android:initOrder="100" />
174-->[com.google.firebase:firebase-common:20.1.1] AndroidManifest.xml:31:13-36
175
176        <activity
176-->[com.google.android.gms:play-services-base:18.0.1] AndroidManifest.xml:20:9-22:45
177            android:name="com.google.android.gms.common.api.GoogleApiActivity"
177-->[com.google.android.gms:play-services-base:18.0.1] AndroidManifest.xml:20:19-85
178            android:exported="false"
178-->[com.google.android.gms:play-services-base:18.0.1] AndroidManifest.xml:22:19-43
179            android:theme="@android:style/Theme.Translucent.NoTitleBar" />
179-->[com.google.android.gms:play-services-base:18.0.1] AndroidManifest.xml:21:19-78
180
181        <meta-data
181-->[com.google.android.gms:play-services-basement:18.0.0] AndroidManifest.xml:21:9-23:69
182            android:name="com.google.android.gms.version"
182-->[com.google.android.gms:play-services-basement:18.0.0] AndroidManifest.xml:22:13-58
183            android:value="@integer/google_play_services_version" />
183-->[com.google.android.gms:play-services-basement:18.0.0] AndroidManifest.xml:23:13-66
184
185        <provider
185-->[androidx.emoji2:emoji2:1.0.0] AndroidManifest.xml:26:9-34:20
186            android:name="androidx.startup.InitializationProvider"
186-->[androidx.emoji2:emoji2:1.0.0] AndroidManifest.xml:27:13-67
187            android:authorities="com.example.chotamnaulitce.androidx-startup"
187-->[androidx.emoji2:emoji2:1.0.0] AndroidManifest.xml:28:13-68
188            android:exported="false" >
188-->[androidx.emoji2:emoji2:1.0.0] AndroidManifest.xml:29:13-37
189            <meta-data
189-->[androidx.emoji2:emoji2:1.0.0] AndroidManifest.xml:31:13-33:52
190                android:name="androidx.emoji2.text.EmojiCompatInitializer"
190-->[androidx.emoji2:emoji2:1.0.0] AndroidManifest.xml:32:17-75
191                android:value="androidx.startup" />
191-->[androidx.emoji2:emoji2:1.0.0] AndroidManifest.xml:33:17-49
192            <meta-data
192-->[androidx.lifecycle:lifecycle-process:2.4.0] AndroidManifest.xml:31:13-33:52
193                android:name="androidx.lifecycle.ProcessLifecycleInitializer"
193-->[androidx.lifecycle:lifecycle-process:2.4.0] AndroidManifest.xml:32:17-78
194                android:value="androidx.startup" />
194-->[androidx.lifecycle:lifecycle-process:2.4.0] AndroidManifest.xml:33:17-49
195        </provider>
196    </application>
197
198</manifest>